<?xml version="1.0" encoding="UTF-8"?>
<testng-results ignored="0" total="1" passed="1" failed="0" skipped="0">
  <reporter-output>
  </reporter-output>
  <suite started-at="2022-08-18T22:33:37 IST" name="Default suite" finished-at="2022-08-18T22:35:03 IST" duration-ms="86064">
    <groups>
    </groups>
    <test started-at="2022-08-18T22:33:37 IST" name="Default test" finished-at="2022-08-18T22:35:03 IST" duration-ms="86064">
      <class name="bynow.ByNowProduct">
        <test-method is-config="true" signature="launchbrowser()[pri:0, instance:bynow.ByNowProduct@2145b572]" started-at="2022-08-18T22:33:37 IST" name="launchbrowser" finished-at="2022-08-18T22:33:53 IST" duration-ms="15976" status="PASS">
          <reporter-output>
          </reporter-output>
        </test-method> <!-- launchbrowser -->
        <test-method signature="searchItem()[pri:0, instance:bynow.ByNowProduct@2145b572]" started-at="2022-08-18T22:33:53 IST" name="searchItem" finished-at="2022-08-18T22:34:53 IST" duration-ms="59490" status="PASS">
          <reporter-output>
          </reporter-output>
        </test-method> <!-- searchItem -->
        <test-method is-config="true" signature="closeBrowser()[pri:0, instance:bynow.ByNowProduct@2145b572]" started-at="2022-08-18T22:34:53 IST" name="closeBrowser" finished-at="2022-08-18T22:35:03 IST" duration-ms="10465" status="PASS">
          <reporter-output>
          </reporter-output>
        </test-method> <!-- closeBrowser -->
      </class> <!-- bynow.ByNowProduct -->
    </test> <!-- Default test -->
  </suite> <!-- Default suite -->
</testng-results>
